<?xml version="1.0" encoding="UTF-8"?>
<!-- Generated by org.testng.reporters.JUnitReportReporter -->
<testsuite skipped="1" hostname="DESKTOP-UGQ32GM" name="org.Testng.MobilePurchasetestng" tests="4" failures="0" timestamp="16 Jul 2022 05:53:14 GMT" time="4.191" errors="0">
  <testcase name="login" time="3.307" classname="org.Testng.MobilePurchasetestng"/>
  <testcase name="Search" time="0.317" classname="org.Testng.MobilePurchasetestng"/>
  <testcase name="closeicon" time="0.567" classname="org.Testng.MobilePurchasetestng"/>
  <testcase name="Assert" classname="org.Testng.MobilePurchasetestng">
    <skipped/>
  </testcase> <!-- Assert -->
</testsuite> <!-- org.Testng.MobilePurchasetestng -->
